# JRE version: Java(TM) SE Runtime Environment (11.0.2+9) (build 11.0.2+9-LTS)
# Java VM: Java HotSpot(TM) 64-Bit Server VM (11.0.2+9-LTS, mixed mode, tiered, compressed oops, g1 gc, windows-amd64)
Heap:
 garbage-first heap   total 78848K, used 29057K [0x00000000c0400000, 0x0000000100000000)
  region size 1024K, 22 young (22528K), 6 survivors (6144K)
 Metaspace       used 37398K, capacity 38532K, committed 38628K, reserved 1083392K
  class space    used 4649K, capacity 5113K, committed 5148K, reserved 1048576K
GC Heap History (10 events):
Event: 2.973 GC heap before
{Heap before GC invocations=2 (full 0):
 garbage-first heap   total 65536K, used 23330K [0x00000000c0400000, 0x0000000100000000)
  region size 1024K, 19 young (19456K), 1 survivors (1024K)
 Metaspace       used 18713K, capacity 19339K, committed 19584K, reserved 1067008K
  class space    used 2126K, capacity 2364K, committed 2432K, reserved 1048576K
}
Event: 2.986 GC heap after
{Heap after GC invocations=3 (full 0):
 garbage-first heap   total 65536K, used 6063K [0x00000000c0400000, 0x0000000100000000)
  region size 1024K, 2 young (2048K), 2 survivors (2048K)
 Metaspace       used 18713K, capacity 19339K, committed 19584K, reserved 1067008K
  class space    used 2126K, capacity 2364K, committed 2432K, reserved 1048576K
}
Event: 3.290 GC heap before
{Heap before GC invocations=3 (full 0):
 garbage-first heap   total 65536K, used 17327K [0x00000000c0400000, 0x0000000100000000)
  region size 1024K, 14 young (14336K), 2 survivors (2048K)
 Metaspace       used 20544K, capacity 21135K, committed 21296K, reserved 1069056K
  class space    used 2474K, capacity 2685K, committed 2688K, reserved 1048576K
}
Event: 3.298 GC heap after
{Heap after GC invocations=4 (full 0):
 garbage-first heap   total 65536K, used 6753K [0x00000000c0400000, 0x0000000100000000)
  region size 1024K, 3 young (3072K), 3 survivors (3072K)
 Metaspace       used 20544K, capacity 21135K, committed 21296K, reserved 1069056K
  class space    used 2474K, capacity 2685K, committed 2688K, reserved 1048576K
}
Event: 3.976 GC heap before
{Heap before GC invocations=5 (full 0):
 garbage-first heap   total 65536K, used 32353K [0x00000000c0400000, 0x0000000100000000)
  region size 1024K, 29 young (29696K), 3 survivors (3072K)
 Metaspace       used 25520K, capacity 26307K, committed 26496K, reserved 1073152K
  class space    used 3109K, capacity 3398K, committed 3456K, reserved 1048576K
}
Event: 3.985 GC heap after
{Heap after GC invocations=6 (full 0):
 garbage-first heap   total 78848K, used 7889K [0x00000000c0400000, 0x0000000100000000)
  region size 1024K, 4 young (4096K), 4 survivors (4096K)
 Metaspace       used 25520K, capacity 26307K, committed 26496K, reserved 1073152K
  class space    used 3109K, capacity 3398K, committed 3456K, reserved 1048576K
}
Event: 5.423 GC heap before
{Heap before GC invocations=6 (full 0):
 garbage-first heap   total 78848K, used 50897K [0x00000000c0400000, 0x0000000100000000)
  region size 1024K, 46 young (47104K), 4 survivors (4096K)
 Metaspace       used 30441K, capacity 31298K, committed 31488K, reserved 1077248K
  class space    used 3748K, capacity 4071K, committed 4096K, reserved 1048576K
}
Event: 5.442 GC heap after
{Heap after GC invocations=7 (full 0):
 garbage-first heap   total 78848K, used 10742K [0x00000000c0400000, 0x0000000100000000)
  region size 1024K, 6 young (6144K), 6 survivors (6144K)
 Metaspace       used 30441K, capacity 31298K, committed 31488K, reserved 1077248K
  class space    used 3748K, capacity 4071K, committed 4096K, reserved 1048576K
}
Event: 6.258 GC heap before
{Heap before GC invocations=7 (full 0):
 garbage-first heap   total 78848K, used 50678K [0x00000000c0400000, 0x0000000100000000)
  region size 1024K, 46 young (47104K), 6 survivors (6144K)
 Metaspace       used 34871K, capacity 35955K, committed 36048K, reserved 1081344K
  class space    used 4304K, capacity 4745K, committed 4816K, reserved 1048576K
}
Event: 6.282 GC heap after
{Heap after GC invocations=8 (full 0):
 garbage-first heap   total 78848K, used 13697K [0x00000000c0400000, 0x0000000100000000)
  region size 1024K, 6 young (6144K), 6 survivors (6144K)
 Metaspace       used 34871K, capacity 35955K, committed 36048K, reserved 1081344K
  class space    used 4304K, capacity 4745K, committed 4816K, reserved 1048576K
}

